C51 COMPILER V9.60.7.0   BUTTON                                                            12/14/2023 14:53:33 PAGE 1   


C51 COMPILER V9.60.7.0, COMPILATION OF MODULE BUTTON
OBJECT MODULE PLACED IN .\Objects\button.obj
COMPILER INVOKED BY: F:\soft\keli\C51\BIN\C51.EXE button.c OPTIMIZE(8,SPEED) BROWSE DEBUG OBJECTEXTEND PRINT(.\Listings\
                    -button.lst) TABS(2) OBJECT(.\Objects\button.obj)

line level    source

   1          #include <REGX52.H>
   2          #include "Delay.h"
   3          static int jia_fen=0;
   4          static int yi_fen=0;
   5          void button(void)
   6          {
   7   1        if(P1_0==0)
   8   1        {
   9   2          Delay(5);
  10   2          while(P1_0==0)
  11   2          {
  12   3          }
  13   2          jia_fen++;
  14   2        }
  15   1        if(P1_1==0)
  16   1        {
  17   2          Delay(5);
  18   2          while(P1_1==0)
  19   2          {
  20   3          }
  21   2          jia_fen--;
  22   2          
  23   2        }
  24   1        if(P1_2==0)
  25   1        {
  26   2          Delay(5);
  27   2          while(P1_2==0)
  28   2          {
  29   3          }
  30   2          yi_fen++;
  31   2          
  32   2        }
  33   1        if(P1_3==0)
  34   1        {
  35   2          Delay(5);
  36   2          while(P1_3==0)
  37   2          {
  38   3          }
  39   2          yi_fen--;
  40   2        }
  41   1      }


MODULE INFORMATION:   STATIC OVERLAYABLE
   CODE SIZE        =     85    ----
   CONSTANT SIZE    =   ----    ----
   XDATA SIZE       =   ----    ----
   PDATA SIZE       =   ----    ----
   DATA SIZE        =      4    ----
   IDATA SIZE       =   ----    ----
   BIT SIZE         =   ----    ----
END OF MODULE INFORMATION.


C51 COMPILATION COMPLETE.  0 WARNING(S),  0 ERROR(S)
