C51 COMPILER V9.60.7.0   MIAN                                                              12/14/2023 16:55:11 PAGE 1   


C51 COMPILER V9.60.7.0, COMPILATION OF MODULE MIAN
OBJECT MODULE PLACED IN .\Objects\mian.obj
COMPILER INVOKED BY: F:\soft\keli\C51\BIN\C51.EXE mian.c OPTIMIZE(8,SPEED) BROWSE DEBUG OBJECTEXTEND PRINT(.\Listings\mi
                    -an.lst) TABS(2) OBJECT(.\Objects\mian.obj)

line level    source

   1          #include <REGX52.H>
   2          #include "Delay.h"
   3          unsigned char NixieTable[]={0x3F,0x06,0x5B,0x4F,0x66,0x6D,0x7D,0x07,0x7F,0x6F};
   4          static unsigned int cout=0;
   5          static unsigned int time=24;
   6          static unsigned char flag=1;//设置24秒倒计时标志位
   7          static unsigned int sec=0;
   8          static unsigned int fen=0;
   9          static unsigned int fen_shi=0;
  10          static unsigned int fen_ge=0;
  11          static int jia_fen=0;
  12          static int yi_fen=0;
  13          void Nixie(unsigned char Location,Number)
  14          {
  15   1        switch(Location)    //位码输出
  16   1        {
  17   2          case 1:P2_0=0;P2_1=0;P2_2=0;break;
  18   2          case 2:P2_0=1;P2_1=0;P2_2=0;break;
  19   2          case 3:P2_0=0;P2_1=1;P2_2=0;break;
  20   2          case 4:P2_0=1;P2_1=1;P2_2=0;break;
  21   2          case 5:P2_0=0;P2_1=0;P2_2=1;break;
  22   2          case 6:P2_0=1;P2_1=0;P2_2=1;break;
  23   2          case 7:P2_0=0;P2_1=1;P2_2=1;break;
  24   2          case 8:P2_0=1;P2_1=1;P2_2=1;break;
  25   2        }
  26   1        P0=NixieTable[Number];  //段码输出
  27   1      }
  28          void Timer1Init(void)
  29          {
  30   1      //  TMOD &= 0xF0;   //设置定时器模式
  31   1      //  TMOD |= 0x01;   //设置定时器模式
  32   1        TMOD=0x10;
  33   1        TL1 = 0x18;   //设置定时初值
  34   1        TH1 = 0xFC;   //设置定时初值
  35   1      //  TF1 = 0;    //清除TF1标志
  36   1        TR1 = 1;    //定时器1开始计时
  37   1        ET1=1;
  38   1        EA=1;
  39   1        PT1=0;
  40   1      }
  41          
  42          //利用余晖效应扫描数码管
  43          void xinshi()
  44          {
  45   1          Nixie(1,jia_fen/10);
  46   1          Delay(5);
  47   1          Nixie(2,jia_fen%10);
  48   1          Delay(5);
  49   1          Nixie(3,yi_fen/10);
  50   1          Delay(5);
  51   1          Nixie(4,yi_fen%10);
  52   1          Delay(5);
  53   1          Nixie(5,fen_shi);
  54   1          Delay(5);
C51 COMPILER V9.60.7.0   MIAN                                                              12/14/2023 16:55:11 PAGE 2   

  55   1          Nixie(6,fen_ge);
  56   1          Delay(5);
  57   1          Nixie(7,sec/10);
  58   1          Delay(5);
  59   1          Nixie(8,sec%10);
  60   1          Delay(5);
  61   1      }
  62          void daojishi()
  63          {
  64   1          Nixie(1,jia_fen/10);
  65   1          Delay(5);
  66   1          Nixie(2,jia_fen%10);
  67   1          Delay(5);
  68   1          Nixie(3,yi_fen/10);
  69   1          Delay(5);
  70   1          Nixie(4,yi_fen%10);
  71   1          Delay(5);
  72   1          Nixie(5,0);
  73   1          Delay(5);
  74   1          Nixie(6,0);
  75   1          Delay(5);
  76   1          Nixie(7,time/10);
  77   1          Delay(5);
  78   1          Nixie(8,time%10);
  79   1          Delay(5);
  80   1      }
  81          void button()
  82          {
  83   1        char ci=0;
  84   1        if(P1_0==0)
  85   1        {
  86   2          Delay(5);
  87   2          while(P1_0==0)
  88   2          {
  89   3          }
  90   2          jia_fen++;
  91   2        }
  92   1        if(P1_1==0)
  93   1        {
  94   2          Delay(5);
  95   2          while(P1_1==0)
  96   2          {
  97   3          }
  98   2          jia_fen--;
  99   2          
 100   2        }
 101   1        if(P1_2==0)
 102   1        {
 103   2          Delay(5);
 104   2          while(P1_2==0)
 105   2          {
 106   3          }
 107   2          yi_fen++;
 108   2          
 109   2        }
 110   1        if(P1_3==0)
 111   1        {
 112   2          Delay(5);
 113   2          while(P1_3==0)
 114   2          {
 115   3          }
 116   2          yi_fen--;
C51 COMPILER V9.60.7.0   MIAN                                                              12/14/2023 16:55:11 PAGE 3   

 117   2        }
 118   1        if(P1_4==0)
 119   1        {
 120   2          EA=1;
 121   2          Delay(200);
 122   2          if(P1_4==0)
 123   2          {
 124   3            EA=0;
 125   3          }
 126   2          while(P1_4==0);
 127   2        }
 128   1      }
 129          /*中断计时，定时器跑满一次是1ms，跑1000次是1s，
 130          跑一次1s*/
 131          void jishi() interrupt 3 
 132          {
 133   1          cout++;
 134   1          if(flag)
 135   1          {
 136   2          if(cout>=1000)
 137   2          {
 138   3            if(fen==1)
 139   3            {
 140   4              if(sec==36)
 141   4              {
 142   5                flag=0;
 143   5              }
 144   4            }
 145   3            sec++;
 146   3            cout=0;
 147   3            if(sec>=60)
 148   3            {
 149   4              fen++;
 150   4              sec=0;
 151   4              if(fen>=10)
 152   4              {
 153   5                fen_shi=fen/10;
 154   5                fen_ge=fen%10;
 155   5              }
 156   4              else
 157   4              {
 158   5                fen_ge=fen;
 159   5              }
 160   4            }
 161   3          }
 162   2          }
 163   1          else
 164   1          {
 165   2            if(cout>=1000)
 166   2            {
 167   3              time--;
 168   3              cout=0;
 169   3              if(time==0)
 170   3              {
 171   4                TR1=0;
 172   4              }
 173   3            }
 174   2          }
 175   1        TL1 = 0x18;   //设置定时初值
 176   1        TH1 = 0xFC;   //设置定时初值
 177   1      }
 178          
C51 COMPILER V9.60.7.0   MIAN                                                              12/14/2023 16:55:11 PAGE 4   

 179          void main()
 180          {
 181   1          Timer1Init();
 182   1          while (flag)
 183   1          {
 184   2            button();
 185   2            xinshi();
 186   2          }
 187   1          while(1)
 188   1          {
 189   2            button();
 190   2            daojishi();
 191   2          }
 192   1      }


MODULE INFORMATION:   STATIC OVERLAYABLE
   CODE SIZE        =    788    ----
   CONSTANT SIZE    =   ----    ----
   XDATA SIZE       =   ----    ----
   PDATA SIZE       =   ----    ----
   DATA SIZE        =     27       1
   IDATA SIZE       =   ----    ----
   BIT SIZE         =   ----    ----
END OF MODULE INFORMATION.


C51 COMPILATION COMPLETE.  0 WARNING(S),  0 ERROR(S)
